<?xml version="1.0" encoding="UTF-8"?>
<!-- Generated by org.testng.reporters.JUnitXMLReporter -->
<testsuite ignored="0" hostname="DESKTOP-JR3NMG7" failures="1" tests="10" name="Regression" time="6.675" errors="0" timestamp="2023-02-26T23:00:23 CET">
  <testcase classname="tests.api.PositiveAPITests" name="UpdatePlayerTest" time="4.406"/>
  <testcase classname="tests.api.NegativeAPITests" name="UpdatePlayerNegativeTest" time="4.404"/>
  <testcase classname="tests.api.NegativeAPITests" name="createPlayerNegativeTest" time="0.43"/>
  <testcase classname="tests.api.PositiveAPITests" name="createPlayerTest" time="0.518">
    <failure type="java.lang.AssertionError" message="1 expectation failed.
Expected status code &amp;lt;200&amp;gt; but was &amp;lt;403&amp;gt;.
">
      <![CDATA[java.lang.AssertionError: 1 expectation failed.
Expected status code <200> but was <403>.

at org.codehaus.groovy.runtime.callsite.ConstructorSite$ConstructorSiteNoUnwrap.callConstructor(ConstructorSite.java:84)
at org.codehaus.groovy.runtime.callsite.CallSiteArray.defaultCallConstructor(CallSiteArray.java:59)
at org.codehaus.groovy.runtime.callsite.AbstractCallSite.callConstructor(AbstractCallSite.java:263)
at org.codehaus.groovy.runtime.callsite.AbstractCallSite.callConstructor(AbstractCallSite.java:277)
at io.restassured.internal.ResponseSpecificationImpl$HamcrestAssertionClosure.validate(ResponseSpecificationImpl.groovy:493)
at io.restassured.internal.ResponseSpecificationImpl$HamcrestAssertionClosure$validate$3.call(Unknown Source)
at io.restassured.internal.ResponseSpecificationImpl.validate(ResponseSpecificationImpl.groovy:92)
at io.restassured.internal.ValidatableResponseOptionsImpl.spec(ValidatableResponseOptionsImpl.java:288)
at io.restassured.internal.ValidatableResponseImpl.super$2$spec(ValidatableResponseImpl.groovy)
at groovy.lang.MetaMethod.doMethodInvoke(MetaMethod.java:323)
at groovy.lang.MetaClassImpl.invokeMethod(MetaClassImpl.java:1268)
at org.codehaus.groovy.runtime.ScriptBytecodeAdapter.invokeMethodOnSuperN(ScriptBytecodeAdapter.java:144)
at io.restassured.internal.ValidatableResponseImpl.spec(ValidatableResponseImpl.groovy:76)
at io.restassured.internal.ValidatableResponseImpl.spec(ValidatableResponseImpl.groovy)
at tests.api.PositiveAPITests.createPlayerTest(PositiveAPITests.java:28)
at java.base/java.util.concurrent.ThreadPoolExecutor.runWorker(ThreadPoolExecutor.java:1130)
at java.base/java.util.concurrent.ThreadPoolExecutor$Worker.run(ThreadPoolExecutor.java:630)
at java.base/java.lang.Thread.run(Thread.java:832)
... Removed 24 stack frames]]>
    </failure>
  </testcase> <!-- createPlayerTest -->
  <testcase classname="tests.api.NegativeAPITests" name="deletePlayerNegativeTest" time="0.89"/>
  <testcase classname="tests.api.PositiveAPITests" name="deletePlayerTest" time="0.791"/>
  <testcase classname="tests.api.NegativeAPITests" name="getAllPlayersNegativeTest" time="0.321"/>
  <testcase classname="tests.api.PositiveAPITests" name="getAllPlayersTest" time="0.316"/>
  <testcase classname="tests.api.NegativeAPITests" name="getPlayerByIdNegativeTest" time="0.288"/>
  <testcase classname="tests.api.PositiveAPITests" name="getPlayerByIdTest" time="0.486"/>
</testsuite> <!-- Regression -->
